0 info it worked if it ends with ok
1 verbose cli [ '/usr/bin/node', '/usr/bin/npm', 'publish' ]
2 info using npm@1.4.28
3 info using node@v0.10.33
4 verbose node symlink /usr/bin/node
5 verbose publish [ '.' ]
6 verbose cache add [ '.', null ]
7 verbose cache add name=undefined spec="." args=[".",null]
8 verbose parsed url { protocol: null,
8 verbose parsed url   slashes: null,
8 verbose parsed url   auth: null,
8 verbose parsed url   host: null,
8 verbose parsed url   port: null,
8 verbose parsed url   hostname: null,
8 verbose parsed url   hash: null,
8 verbose parsed url   search: null,
8 verbose parsed url   query: null,
8 verbose parsed url   pathname: '.',
8 verbose parsed url   path: '.',
8 verbose parsed url   href: '.' }
9 silly lockFile 3a52ce78- .
10 verbose lock . /home/codeninja/.npm/3a52ce78-.lock
11 verbose tar pack [ '/home/codeninja/.npm/gulp-html-to-json/0.1.2/package.tgz',
11 verbose tar pack   '.' ]
12 verbose tarball /home/codeninja/.npm/gulp-html-to-json/0.1.2/package.tgz
13 verbose folder .
14 info prepublish gulp-html-to-json@0.1.2
15 silly lockFile 1f1177db-tar tar://.
16 verbose lock tar://. /home/codeninja/.npm/1f1177db-tar.lock
17 silly lockFile c3f1b5cc-p-html-to-json-0-1-2-package-tgz tar:///home/codeninja/.npm/gulp-html-to-json/0.1.2/package.tgz
18 verbose lock tar:///home/codeninja/.npm/gulp-html-to-json/0.1.2/package.tgz /home/codeninja/.npm/c3f1b5cc-p-html-to-json-0-1-2-package-tgz.lock
19 silly lockFile 1f1177db-tar tar://.
20 silly lockFile 1f1177db-tar tar://.
21 silly lockFile c3f1b5cc-p-html-to-json-0-1-2-package-tgz tar:///home/codeninja/.npm/gulp-html-to-json/0.1.2/package.tgz
22 silly lockFile c3f1b5cc-p-html-to-json-0-1-2-package-tgz tar:///home/codeninja/.npm/gulp-html-to-json/0.1.2/package.tgz
23 silly lockFile d762fa93--gulp-html-to-json-0-1-2-package /home/codeninja/.npm/gulp-html-to-json/0.1.2/package
24 verbose lock /home/codeninja/.npm/gulp-html-to-json/0.1.2/package /home/codeninja/.npm/d762fa93--gulp-html-to-json-0-1-2-package.lock
25 silly lockFile d762fa93--gulp-html-to-json-0-1-2-package /home/codeninja/.npm/gulp-html-to-json/0.1.2/package
26 silly lockFile d762fa93--gulp-html-to-json-0-1-2-package /home/codeninja/.npm/gulp-html-to-json/0.1.2/package
27 silly lockFile 3a52ce78- .
28 silly lockFile 3a52ce78- .
29 silly publish { name: 'gulp-html-to-json',
29 silly publish   version: '0.1.2',
29 silly publish   description: 'Converts html contents to json object. Compile html files and wrap it all in a single json file',
29 silly publish   homepage: 'https://github.com/johnturingan/gulp-html-to-json',
29 silly publish   repository:
29 silly publish    { type: 'git',
29 silly publish      url: 'git@github.com:johnturingan/gulp-html-to-json.git' },
29 silly publish   main: 'index.js',
29 silly publish   scripts: { test: 'jasmine' },
29 silly publish   keywords:
29 silly publish    [ 'gulpplugin',
29 silly publish      'gulp html to json',
29 silly publish      'angular',
29 silly publish      'templateCache',
29 silly publish      'group files' ],
29 silly publish   author: { name: 'John Turingan', url: 'http://scriptsandpixels.com' },
29 silly publish   license: 'MIT',
29 silly publish   devDependencies: { gulp: '~3.8.8', jasmine: '~2.0' },
29 silly publish   dependencies:
29 silly publish    { 'gulp-util': '~3.0.0',
29 silly publish      'event-stream': '~3.1.0',
29 silly publish      'front-matter': '^0.2.0',
29 silly publish      marked: '^0.3.0',
29 silly publish      glob: '^4.0.0' },
29 silly publish   readme: 'Converts html contents to json object',
29 silly publish   readmeFilename: 'README.md',
29 silly publish   bugs: { url: 'https://github.com/johnturingan/gulp-html-to-json/issues' },
29 silly publish   gitHead: '21ed6702a3de7ddf0d863035645455854d5857ab',
29 silly publish   _id: 'gulp-html-to-json@0.1.2',
29 silly publish   _shasum: '971d9522385eacd3a69d4c9759cd3d6c06804eb3',
29 silly publish   _from: '.' }
30 error need auth auth and email required for publishing
30 error need auth You need to authorize this machine using `npm adduser`
31 error System Linux 3.13.0-39-generic
32 error command "/usr/bin/node" "/usr/bin/npm" "publish"
33 error cwd /var/www/gulp-html-to-json
34 error node -v v0.10.33
35 error npm -v 1.4.28
36 error code ENEEDAUTH
37 verbose exit [ 1, true ]
